<?xml version="1.0" encoding="UTF-8"?>
<robot generator="Robot 5.0 (Python 3.10.2 on win32)" generated="20220410 22:10:08.907" rpa="false" schemaversion="3">
<suite id="s1" name="TestCase4 Del" source="C:\Users\user\PycharmProjects\pythonProject2\TestCase4_Del.robot">
<test id="s1-t1" name="Delete_coba" line="9">
<kw name="Create Session" library="RequestsLibrary">
<arg>mysession</arg>
<arg>${base_url}</arg>
<doc>Create Session: create a HTTP session to a server</doc>
<msg timestamp="20220410 22:10:09.205" level="INFO">Creating Session using : alias=mysession, url=https://reqres.in/, headers={},                     cookies={}, auth=None, timeout=None, proxies=None, verify=False,                     debug=0 </msg>
<status status="PASS" starttime="20220410 22:10:09.204" endtime="20220410 22:10:09.205"/>
</kw>
<kw name="Create Dictionary" library="BuiltIn">
<var>${header}</var>
<arg>Content-Type=application/json</arg>
<doc>Creates and returns a dictionary based on the given ``items``.</doc>
<msg timestamp="20220410 22:10:09.206" level="INFO">${header} = {'Content-Type': 'application/json'}</msg>
<status status="PASS" starttime="20220410 22:10:09.205" endtime="20220410 22:10:09.206"/>
</kw>
<kw name="Delete Request" library="RequestsLibrary">
<var>${response}</var>
<arg>mysession</arg>
<arg>api/users/2</arg>
<arg>headers=${header}</arg>
<doc>*DEPRECATED* Please use `DELETE On Session` instead.</doc>
<msg timestamp="20220410 22:10:09.207" level="WARN">Keyword 'RequestsLibrary.Delete Request' is deprecated. Please use `DELETE On Session` instead.</msg>
<msg timestamp="20220410 22:10:09.834" level="INFO">DELETE Request : url=https://reqres.in/api/users/2 
 path_url=/api/users/2 
 headers={'User-Agent': 'python-requests/2.27.1', 'Accept-Encoding': 'gzip, deflate', 'Accept': '*/*', 'Connection': 'keep-alive', 'Content-Type': 'application/json', 'Content-Length': '0'} 
 body=None 
 </msg>
<msg timestamp="20220410 22:10:09.834" level="INFO">DELETE Response : url=https://reqres.in/api/users/2 
 status=204, reason=No Content 
 headers={'Date': 'Sun, 10 Apr 2022 15:10:10 GMT', 'Content-Length': '0', 'Connection': 'keep-alive', 'X-Powered-By': 'Express', 'Access-Control-Allow-Origin': '*', 'Etag': 'W/"2-vyGp6PvFo4RvsFtPoIWeCReyIC8"', 'Via': '1.1 vegur', 'CF-Cache-Status': 'DYNAMIC', 'Expect-CT': 'max-age=604800, report-uri="https://report-uri.cloudflare.com/cdn-cgi/beacon/expect-ct"', 'Report-To': '{"endpoints":[{"url":"https:\\/\\/a.nel.cloudflare.com\\/report\\/v3?s=fiicGdSWOoZ%2F15yq8KuINGvUdRkaQISjkh0rq%2BB85SE0vxErBQtGw8CL3%2FHJDy5bvcm9A50OaGwu2XZ31jqcjdOEU62BYkkmKvQt7fBQy%2FjTxxqDQCB0VerLQA8%3D"}],"group":"cf-nel","max_age":604800}', 'NEL': '{"success_fraction":0,"report_to":"cf-nel","max_age":604800}', 'Server': 'cloudflare', 'CF-RAY': '6f9c68609a2d19ac-SIN', 'alt-svc': 'h3=":443"; ma=86400, h3-29=":443"; ma=86400'} 
 body=None 
 </msg>
<msg timestamp="20220410 22:10:09.834" level="INFO">c:\users\user\pycharmprojects\pythonproject2\venv\lib\site-packages\urllib3\connectionpool.py:1043: InsecureRequestWarning: Unverified HTTPS request is being made to host 'reqres.in'. Adding certificate verification is strongly advised. See: https://urllib3.readthedocs.io/en/1.26.x/advanced-usage.html#ssl-warnings
  warnings.warn(</msg>
<msg timestamp="20220410 22:10:09.835" level="INFO">${response} = &lt;Response [204]&gt;</msg>
<status status="PASS" starttime="20220410 22:10:09.207" endtime="20220410 22:10:09.835"/>
</kw>
<kw name="Log To Console" library="BuiltIn">
<arg>${response.status_code}</arg>
<doc>Logs the given message to the console.</doc>
<status status="PASS" starttime="20220410 22:10:09.835" endtime="20220410 22:10:09.837"/>
</kw>
<kw name="Log To Console" library="BuiltIn">
<arg>${response.content}</arg>
<doc>Logs the given message to the console.</doc>
<status status="PASS" starttime="20220410 22:10:09.837" endtime="20220410 22:10:09.839"/>
</kw>
<kw name="Convert To String" library="BuiltIn">
<var>${status_code}</var>
<arg>${response.status_code}</arg>
<doc>Converts the given item to a Unicode string.</doc>
<msg timestamp="20220410 22:10:09.841" level="INFO">${status_code} = 204</msg>
<status status="PASS" starttime="20220410 22:10:09.839" endtime="20220410 22:10:09.841"/>
</kw>
<kw name="Should Be Equal" library="BuiltIn">
<arg>${status_code}</arg>
<arg>204</arg>
<doc>Fails if the given objects are unequal.</doc>
<status status="PASS" starttime="20220410 22:10:09.842" endtime="20220410 22:10:09.842"/>
</kw>
<status status="PASS" starttime="20220410 22:10:09.202" endtime="20220410 22:10:09.843"/>
</test>
<status status="PASS" starttime="20220410 22:10:08.912" endtime="20220410 22:10:09.844"/>
</suite>
<statistics>
<total>
<stat pass="1" fail="0" skip="0">All Tests</stat>
</total>
<tag>
</tag>
<suite>
<stat pass="1" fail="0" skip="0" id="s1" name="TestCase4 Del">TestCase4 Del</stat>
</suite>
</statistics>
<errors>
<msg timestamp="20220410 22:10:09.199" level="ERROR">Error in file 'C:\Users\user\PycharmProjects\pythonProject2\TestCase4_Del.robot' on line 3: Importing library 'Collection' failed: ModuleNotFoundError: No module named 'Collection'
Traceback (most recent call last):
  None
PYTHONPATH:
  C:\Users\user\PycharmProjects\pythonProject2\venv\Scripts\robot.exe
  C:\Users\user\AppData\Local\Programs\Python\Python310\python310.zip
  C:\Users\user\AppData\Local\Programs\Python\Python310\DLLs
  C:\Users\user\AppData\Local\Programs\Python\Python310\lib
  C:\Users\user\AppData\Local\Programs\Python\Python310
  c:\users\user\pycharmprojects\pythonproject2\venv
  c:\users\user\pycharmprojects\pythonproject2\venv\lib\site-packages</msg>
<msg timestamp="20220410 22:10:09.207" level="WARN">Keyword 'RequestsLibrary.Delete Request' is deprecated. Please use `DELETE On Session` instead.</msg>
</errors>
</robot>
